<?xml version="1.0" encoding="UTF-8"?>
<!-- Generated by org.testng.reporters.JUnitReportReporter -->
<testsuite hostname="MTLP-3207" failures="0" tests="1" name="com.qa.DPS.Tests.CreatereservationpageTest" time="16.079" errors="0" timestamp="29 Mar 2023 16:20:54 GMT" skipped="0">
  <testcase classname="com.qa.DPS.Tests.CreatereservationpageTest" name="VerifyCreateReservation" time="16.079"/>
</testsuite> <!-- com.qa.DPS.Tests.CreatereservationpageTest -->
