<?xml version="1.0" encoding="UTF-8"?>
<!-- Generated by org.testng.reporters.JUnitReportReporter -->
<testsuite hostname="MTLP-3207" failures="0" tests="2" name="com.qa.DPS.Tests.LoginpageTest" time="100.224" errors="0" timestamp="06 Apr 2023 09:37:18 GMT" skipped="0">
  <testcase classname="com.qa.DPS.Tests.LoginpageTest" name="VerifyClickAccountlnk" time="39.099"/>
  <testcase classname="com.qa.DPS.Tests.LoginpageTest" name="VerifyLogin" time="61.125"/>
</testsuite> <!-- com.qa.DPS.Tests.LoginpageTest -->
