<?xml version="1.0" encoding="UTF-8"?>
<!-- Generated by org.testng.reporters.JUnitReportReporter -->
<testsuite hostname="MTLP-3207" failures="0" tests="1" name="com.qa.DPS.Tests.CreateOrderPageTest" time="86.073" errors="0" timestamp="10 Apr 2023 07:51:19 GMT" skipped="0">
  <testcase classname="com.qa.DPS.Tests.CreateOrderPageTest" name="VerifyCreateOrder" time="86.073"/>
</testsuite> <!-- com.qa.DPS.Tests.CreateOrderPageTest -->
