<?xml version="1.0" encoding="UTF-8"?>
<!-- Generated by org.testng.reporters.JUnitReportReporter -->
<testsuite hostname="MTLP-3207" failures="0" tests="1" name="com.qa.DPS.Tests.CreatereservationpageTest" time="15.176" errors="0" timestamp="30 Mar 2023 14:21:32 GMT" skipped="0">
  <testcase classname="com.qa.DPS.Tests.CreatereservationpageTest" name="VerifyCreateReservation" time="15.176"/>
</testsuite> <!-- com.qa.DPS.Tests.CreatereservationpageTest -->
