<?xml version="1.0" encoding="UTF-8"?>
<!-- Generated by org.testng.reporters.JUnitReportReporter -->
<testsuite hostname="MTLP-3207" failures="0" tests="2" name="com.qa.DPS.Tests.CreatereservationpageTest" time="38.357" errors="0" timestamp="06 Apr 2023 09:37:18 GMT" skipped="0">
  <testcase classname="com.qa.DPS.Tests.CreatereservationpageTest" name="VerifyFirstOceanReservation" time="20.778"/>
  <testcase classname="com.qa.DPS.Tests.CreatereservationpageTest" name="VerifySecondOceanReservation" time="17.579"/>
</testsuite> <!-- com.qa.DPS.Tests.CreatereservationpageTest -->
