<?xml version="1.0" encoding="UTF-8"?>
<!-- Generated by org.testng.reporters.JUnitReportReporter -->
<testsuite hostname="MTLP-3207" failures="0" tests="2" name="com.qa.DPS.Tests.LoginpageTest" time="6.463" errors="0" timestamp="31 Mar 2023 14:13:45 GMT" skipped="0">
  <testcase classname="com.qa.DPS.Tests.LoginpageTest" name="VerifyLogin" time="4.120"/>
  <testcase classname="com.qa.DPS.Tests.LoginpageTest" name="VerifyClickAccountlnk" time="2.343"/>
</testsuite> <!-- com.qa.DPS.Tests.LoginpageTest -->
