<?xml version="1.0" encoding="UTF-8"?>
<!-- Generated by org.testng.reporters.JUnitReportReporter -->
<testsuite hostname="MTLP-3207" failures="0" tests="2" name="com.qa.DPS.Tests.LoginpageTest" time="31.432" errors="0" timestamp="29 Mar 2023 16:52:20 GMT" skipped="0">
  <testcase classname="com.qa.DPS.Tests.LoginpageTest" name="VerifyLogin" time="20.607"/>
  <testcase classname="com.qa.DPS.Tests.LoginpageTest" name="VerifyClickAccountlnk" time="10.825"/>
</testsuite> <!-- com.qa.DPS.Tests.LoginpageTest -->
